#! /usr/local/bin/vvp
:ivl_version "12.0 (stable)";
:ivl_delay_selection "TYPICAL";
:vpi_time_precision + 0;
:vpi_module "/usr/local/lib/ivl/system.vpi";
:vpi_module "/usr/local/lib/ivl/vhdl_sys.vpi";
:vpi_module "/usr/local/lib/ivl/vhdl_textio.vpi";
:vpi_module "/usr/local/lib/ivl/v2005_math.vpi";
:vpi_module "/usr/local/lib/ivl/va_math.vpi";
:vpi_module "/usr/local/lib/ivl/v2009.vpi";
S_0x23cbe5c0 .scope package, "$unit" "$unit" 2 1;
 .timescale 0 0;
S_0x23cbe750 .scope module, "tb_lzc" "tb_lzc" 3 2;
 .timescale 0 0;
v0x23cd3ac0_0 .net "count", 3 0, v0x23cbefe0_0;  1 drivers
v0x23cd3bb0_0 .var "in", 7 0;
S_0x23c98580 .scope module, "uut" "leading_zero_counter" 3 6, 4 1 0, S_0x23cbe750;
 .timescale 0 0;
    .port_info 0 /INPUT 8 "in";
    .port_info 1 /OUTPUT 4 "count";
v0x23cbefe0_0 .var "count", 3 0;
v0x23cd3980_0 .net "in", 7 0, v0x23cd3bb0_0;  1 drivers
E_0x23c98760 .event anyedge, v0x23cd3980_0;
    .scope S_0x23c98580;
T_0 ;
    %wait E_0x23c98760;
    %load/vec4 v0x23cd3980_0;
    %dup/vec4;
    %pushi/vec4 128, 127, 8;
    %cmp/z;
    %jmp/1 T_0.0, 4;
    %dup/vec4;
    %pushi/vec4 64, 63, 8;
    %cmp/z;
    %jmp/1 T_0.1, 4;
    %dup/vec4;
    %pushi/vec4 32, 31, 8;
    %cmp/z;
    %jmp/1 T_0.2, 4;
    %dup/vec4;
    %pushi/vec4 16, 15, 8;
    %cmp/z;
    %jmp/1 T_0.3, 4;
    %dup/vec4;
    %pushi/vec4 8, 7, 8;
    %cmp/z;
    %jmp/1 T_0.4, 4;
    %dup/vec4;
    %pushi/vec4 4, 3, 8;
    %cmp/z;
    %jmp/1 T_0.5, 4;
    %dup/vec4;
    %pushi/vec4 2, 1, 8;
    %cmp/z;
    %jmp/1 T_0.6, 4;
    %dup/vec4;
    %pushi/vec4 1, 0, 8;
    %cmp/z;
    %jmp/1 T_0.7, 4;
    %dup/vec4;
    %pushi/vec4 0, 0, 8;
    %cmp/z;
    %jmp/1 T_0.8, 4;
    %pushi/vec4 0, 0, 4;
    %store/vec4 v0x23cbefe0_0, 0, 4;
    %jmp T_0.10;
T_0.0 ;
    %pushi/vec4 0, 0, 4;
    %store/vec4 v0x23cbefe0_0, 0, 4;
    %jmp T_0.10;
T_0.1 ;
    %pushi/vec4 1, 0, 4;
    %store/vec4 v0x23cbefe0_0, 0, 4;
    %jmp T_0.10;
T_0.2 ;
    %pushi/vec4 2, 0, 4;
    %store/vec4 v0x23cbefe0_0, 0, 4;
    %jmp T_0.10;
T_0.3 ;
    %pushi/vec4 3, 0, 4;
    %store/vec4 v0x23cbefe0_0, 0, 4;
    %jmp T_0.10;
T_0.4 ;
    %pushi/vec4 4, 0, 4;
    %store/vec4 v0x23cbefe0_0, 0, 4;
    %jmp T_0.10;
T_0.5 ;
    %pushi/vec4 5, 0, 4;
    %store/vec4 v0x23cbefe0_0, 0, 4;
    %jmp T_0.10;
T_0.6 ;
    %pushi/vec4 6, 0, 4;
    %store/vec4 v0x23cbefe0_0, 0, 4;
    %jmp T_0.10;
T_0.7 ;
    %pushi/vec4 7, 0, 4;
    %store/vec4 v0x23cbefe0_0, 0, 4;
    %jmp T_0.10;
T_0.8 ;
    %pushi/vec4 8, 0, 4;
    %store/vec4 v0x23cbefe0_0, 0, 4;
    %jmp T_0.10;
T_0.10 ;
    %pop/vec4 1;
    %jmp T_0;
    .thread T_0, $push;
    .scope S_0x23cbe750;
T_1 ;
    %vpi_call/w 3 12 "$dumpfile", "leading_zero_counter.vcd" {0 0 0};
    %vpi_call/w 3 13 "$dumpvars" {0 0 0};
    %vpi_call/w 3 14 "$display", "Time\011Input\011\011Count" {0 0 0};
    %vpi_call/w 3 15 "$monitor", "%0t\011%b\011%d", $time, v0x23cd3bb0_0, v0x23cd3ac0_0 {0 0 0};
    %pushi/vec4 0, 0, 8;
    %store/vec4 v0x23cd3bb0_0, 0, 8;
    %delay 10, 0;
    %pushi/vec4 1, 0, 8;
    %store/vec4 v0x23cd3bb0_0, 0, 8;
    %delay 10, 0;
    %pushi/vec4 2, 0, 8;
    %store/vec4 v0x23cd3bb0_0, 0, 8;
    %delay 10, 0;
    %pushi/vec4 4, 0, 8;
    %store/vec4 v0x23cd3bb0_0, 0, 8;
    %delay 10, 0;
    %pushi/vec4 8, 0, 8;
    %store/vec4 v0x23cd3bb0_0, 0, 8;
    %delay 10, 0;
    %pushi/vec4 16, 0, 8;
    %store/vec4 v0x23cd3bb0_0, 0, 8;
    %delay 10, 0;
    %pushi/vec4 32, 0, 8;
    %store/vec4 v0x23cd3bb0_0, 0, 8;
    %delay 10, 0;
    %pushi/vec4 64, 0, 8;
    %store/vec4 v0x23cd3bb0_0, 0, 8;
    %delay 10, 0;
    %pushi/vec4 128, 0, 8;
    %store/vec4 v0x23cd3bb0_0, 0, 8;
    %delay 10, 0;
    %pushi/vec4 255, 0, 8;
    %store/vec4 v0x23cd3bb0_0, 0, 8;
    %delay 10, 0;
    %pushi/vec4 127, 0, 8;
    %store/vec4 v0x23cd3bb0_0, 0, 8;
    %delay 10, 0;
    %pushi/vec4 63, 0, 8;
    %store/vec4 v0x23cd3bb0_0, 0, 8;
    %delay 10, 0;
    %pushi/vec4 2, 0, 8;
    %store/vec4 v0x23cd3bb0_0, 0, 8;
    %delay 10, 0;
    %vpi_call/w 3 31 "$finish" {0 0 0};
    %end;
    .thread T_1;
# The file index is used to find the file name in the following table.
:file_names 5;
    "N/A";
    "<interactive>";
    "-";
    "testbench.sv";
    "design.sv";
